<?xml version="1.0" encoding="UTF-8"?>
<!-- Generated by org.testng.reporters.JUnitReportReporter -->
<testsuite skipped="0" hostname="sailajas-mbp.lan" name="www.weatherbit.Test.WeatherbitAPITests" tests="1" failures="0" timestamp="2021-03-16T21:52:17 AEDT" time="3.821" errors="0">
  <testcase name="listSuitableSpots" time="3.821" classname="www.weatherbit.Test.WeatherbitAPITests"/>
</testsuite> <!-- www.weatherbit.Test.WeatherbitAPITests -->
